d:\doc\work\foobar2000\sdk\pfc\debug\pfc.pch
d:\doc\work\foobar2000\foobar2000_component_project\debug\pfc.pdb
d:\doc\work\foobar2000\sdk\pfc\debug\stdafx.obj
d:\doc\work\foobar2000\sdk\pfc\debug\cpuid.obj
d:\doc\work\foobar2000\sdk\pfc\debug\string_conv.obj
d:\doc\work\foobar2000\sdk\pfc\debug\pathutils.obj
d:\doc\work\foobar2000\sdk\pfc\debug\wildcard.obj
d:\doc\work\foobar2000\sdk\pfc\debug\smartstrstr.obj
d:\doc\work\foobar2000\sdk\pfc\debug\printf.obj
d:\doc\work\foobar2000\sdk\pfc\debug\bit_array.obj
d:\doc\work\foobar2000\sdk\pfc\debug\win-objects.obj
d:\doc\work\foobar2000\sdk\pfc\debug\splitstring2.obj
d:\doc\work\foobar2000\sdk\pfc\debug\bsearch.obj
d:\doc\work\foobar2000\sdk\pfc\debug\string_base.obj
d:\doc\work\foobar2000\sdk\pfc\debug\selftest.obj
d:\doc\work\foobar2000\sdk\pfc\debug\audio_sample.obj
d:\doc\work\foobar2000\sdk\pfc\debug\string-compare.obj
d:\doc\work\foobar2000\sdk\pfc\debug\filehandle.obj
d:\doc\work\foobar2000\sdk\pfc\debug\utf8.obj
d:\doc\work\foobar2000\sdk\pfc\debug\chardownconvert.obj
d:\doc\work\foobar2000\sdk\pfc\debug\audio_math.obj
d:\doc\work\foobar2000\sdk\pfc\debug\string-lite.obj
d:\doc\work\foobar2000\sdk\pfc\debug\pfc-fb2k-hooks.obj
d:\doc\work\foobar2000\sdk\pfc\debug\sort.obj
d:\doc\work\foobar2000\sdk\pfc\debug\crashwithmessage.obj
d:\doc\work\foobar2000\sdk\pfc\debug\guid.obj
d:\doc\work\foobar2000\sdk\pfc\debug\unicode-normalize.obj
d:\doc\work\foobar2000\sdk\pfc\debug\bigmem.obj
d:\doc\work\foobar2000\sdk\pfc\debug\threads.obj
d:\doc\work\foobar2000\sdk\pfc\debug\filetimetools.obj
d:\doc\work\foobar2000\sdk\pfc\debug\timers.obj
d:\doc\work\foobar2000\sdk\pfc\debug\other.obj
d:\doc\work\foobar2000\sdk\pfc\debug\base64.obj
d:\doc\work\foobar2000\sdk\pfc\debug\string-conv-lite.obj
d:\doc\work\foobar2000\foobar2000_component_project\debug\pfc.lib
d:\doc\work\foobar2000\sdk\pfc\debug\pfc.tlog\cl.command.1.tlog
d:\doc\work\foobar2000\sdk\pfc\debug\pfc.tlog\cl.items.tlog
d:\doc\work\foobar2000\sdk\pfc\debug\pfc.tlog\cl.read.1.tlog
d:\doc\work\foobar2000\sdk\pfc\debug\pfc.tlog\cl.write.1.tlog
d:\doc\work\foobar2000\sdk\pfc\debug\pfc.tlog\lib-link.write.1.tlog
d:\doc\work\foobar2000\sdk\pfc\debug\pfc.tlog\lib.command.1.tlog
d:\doc\work\foobar2000\sdk\pfc\debug\pfc.tlog\lib.read.1.tlog
