d:\doc\work\foobar2000\sdk\foobar2000\sdk\debug\foobar2000_sdk.pch
d:\doc\work\foobar2000\foobar2000_component_project\debug\foobar2000_sdk.pdb
d:\doc\work\foobar2000\sdk\foobar2000\sdk\debug\stdafx.obj
d:\doc\work\foobar2000\sdk\foobar2000\sdk\debug\advconfig.obj
d:\doc\work\foobar2000\sdk\foobar2000\sdk\debug\service.obj
d:\doc\work\foobar2000\sdk\foobar2000\sdk\debug\commandline.obj
d:\doc\work\foobar2000\sdk\foobar2000\sdk\debug\file_info_impl.obj
d:\doc\work\foobar2000\sdk\foobar2000\sdk\debug\menu_item.obj
d:\doc\work\foobar2000\sdk\foobar2000\sdk\debug\ui_element.obj
d:\doc\work\foobar2000\sdk\foobar2000\sdk\debug\chapterizer.obj
d:\doc\work\foobar2000\sdk\foobar2000\sdk\debug\file_info_const_impl.obj
d:\doc\work\foobar2000\sdk\foobar2000\sdk\debug\output.obj
d:\doc\work\foobar2000\sdk\foobar2000\sdk\debug\configstore.obj
d:\doc\work\foobar2000\sdk\foobar2000\sdk\debug\foosort.obj
d:\doc\work\foobar2000\sdk\foobar2000\sdk\debug\playback_control.obj
d:\doc\work\foobar2000\sdk\foobar2000\sdk\debug\file_info.obj
d:\doc\work\foobar2000\sdk\foobar2000\sdk\debug\main_thread_callback.obj
d:\doc\work\foobar2000\sdk\foobar2000\sdk\debug\replaygain.obj
d:\doc\work\foobar2000\sdk\foobar2000\sdk\debug\completion_notify.obj
d:\doc\work\foobar2000\sdk\foobar2000\sdk\debug\fsitem.obj
d:\doc\work\foobar2000\sdk\foobar2000\sdk\debug\metadb.obj
d:\doc\work\foobar2000\sdk\foobar2000\sdk\debug\audio_chunk_channel_config.obj
d:\doc\work\foobar2000\sdk\foobar2000\sdk\debug\hasher_md5.obj
d:\doc\work\foobar2000\sdk\foobar2000\sdk\debug\popup_message.obj
d:\doc\work\foobar2000\sdk\foobar2000\sdk\debug\titleformat.obj
d:\doc\work\foobar2000\sdk\foobar2000\sdk\debug\cfg_var.obj
d:\doc\work\foobar2000\sdk\foobar2000\sdk\debug\mem_block_container.obj
d:\doc\work\foobar2000\sdk\foobar2000\sdk\debug\playlist.obj
d:\doc\work\foobar2000\sdk\foobar2000\sdk\debug\app_close_blocker.obj
d:\doc\work\foobar2000\sdk\foobar2000\sdk\debug\filesystem.obj
d:\doc\work\foobar2000\sdk\foobar2000\sdk\debug\tag_processor.obj
d:\doc\work\foobar2000\sdk\foobar2000\sdk\debug\cfg_var_legacy.obj
d:\doc\work\foobar2000\sdk\foobar2000\sdk\debug\file_info_merge.obj
d:\doc\work\foobar2000\sdk\foobar2000\sdk\debug\image.obj
d:\doc\work\foobar2000\sdk\foobar2000\sdk\debug\playable_location.obj
d:\doc\work\foobar2000\sdk\foobar2000\sdk\debug\utility.obj
d:\doc\work\foobar2000\sdk\foobar2000\sdk\debug\console.obj
d:\doc\work\foobar2000\sdk\foobar2000\sdk\debug\menu_helpers.obj
d:\doc\work\foobar2000\sdk\foobar2000\sdk\debug\audio_chunk.obj
d:\doc\work\foobar2000\sdk\foobar2000\sdk\debug\input.obj
d:\doc\work\foobar2000\sdk\foobar2000\sdk\debug\threaded_process.obj
d:\doc\work\foobar2000\sdk\foobar2000\sdk\debug\album_art.obj
d:\doc\work\foobar2000\sdk\foobar2000\sdk\debug\link_resolver.obj
d:\doc\work\foobar2000\sdk\foobar2000\sdk\debug\preferences_page.obj
d:\doc\work\foobar2000\sdk\foobar2000\sdk\debug\abort_callback.obj
d:\doc\work\foobar2000\sdk\foobar2000\sdk\debug\file_cached_impl.obj
d:\doc\work\foobar2000\sdk\foobar2000\sdk\debug\filesystem_helper.obj
d:\doc\work\foobar2000\sdk\foobar2000\sdk\debug\menu_manager.obj
d:\doc\work\foobar2000\sdk\foobar2000\sdk\debug\dsp_manager.obj
d:\doc\work\foobar2000\sdk\foobar2000\sdk\debug\input_file_type.obj
d:\doc\work\foobar2000\sdk\foobar2000\sdk\debug\packet_decoder.obj
d:\doc\work\foobar2000\sdk\foobar2000\sdk\debug\ui.obj
d:\doc\work\foobar2000\sdk\foobar2000\sdk\debug\config_io_callback.obj
d:\doc\work\foobar2000\sdk\foobar2000\sdk\debug\file_operation_callback.obj
d:\doc\work\foobar2000\sdk\foobar2000\sdk\debug\playlist_loader.obj
d:\doc\work\foobar2000\sdk\foobar2000\sdk\debug\commonobjects.obj
d:\doc\work\foobar2000\sdk\foobar2000\sdk\debug\metadb_handle_list.obj
d:\doc\work\foobar2000\sdk\foobar2000\sdk\debug\track_property.obj
d:\doc\work\foobar2000\sdk\foobar2000\sdk\debug\componentversion.obj
d:\doc\work\foobar2000\sdk\foobar2000\sdk\debug\guids.obj
d:\doc\work\foobar2000\sdk\foobar2000\sdk\debug\dsp.obj
d:\doc\work\foobar2000\sdk\foobar2000\sdk\debug\metadb_handle.obj
d:\doc\work\foobar2000\sdk\foobar2000\sdk\debug\tag_processor_id3v2.obj
d:\doc\work\foobar2000\sdk\foobar2000\sdk\debug\config_object.obj
d:\doc\work\foobar2000\sdk\foobar2000\sdk\debug\mainmenu.obj
d:\doc\work\foobar2000\sdk\foobar2000\sdk\debug\replaygain_info.obj
d:\doc\work\foobar2000\foobar2000_component_project\debug\foobar2000_sdk.lib
d:\doc\work\foobar2000\sdk\foobar2000\sdk\debug\foobar2000_sdk.tlog\cl.command.1.tlog
d:\doc\work\foobar2000\sdk\foobar2000\sdk\debug\foobar2000_sdk.tlog\cl.items.tlog
d:\doc\work\foobar2000\sdk\foobar2000\sdk\debug\foobar2000_sdk.tlog\cl.read.1.tlog
d:\doc\work\foobar2000\sdk\foobar2000\sdk\debug\foobar2000_sdk.tlog\cl.write.1.tlog
d:\doc\work\foobar2000\sdk\foobar2000\sdk\debug\foobar2000_sdk.tlog\lib-link.write.1.tlog
d:\doc\work\foobar2000\sdk\foobar2000\sdk\debug\foobar2000_sdk.tlog\lib.command.1.tlog
d:\doc\work\foobar2000\sdk\foobar2000\sdk\debug\foobar2000_sdk.tlog\lib.read.1.tlog
